<?xml version="1.0" encoding="UTF-8"?>
<testsuite name="com.shopkart.allureReport.ReportingValidationTest" tests="4" skipped="0" failures="0" errors="0" timestamp="2026-07-12T12:15:53.210Z" hostname="5CG22245QF" time="0.562">
  <properties/>
  <testcase name="Verify required reporting categories" classname="com.shopkart.allureReport.ReportingValidationTest" time="0.101"/>
  <testcase name="Verify categories.json exists" classname="com.shopkart.allureReport.ReportingValidationTest" time="0.002"/>
  <testcase name="Verify category ordering" classname="com.shopkart.allureReport.ReportingValidationTest" time="0.003"/>
  <testcase name="Verify important regex patterns" classname="com.shopkart.allureReport.ReportingValidationTest" time="0.004"/>
  <system-out><![CDATA[]]></system-out>
  <system-err><![CDATA[]]></system-err>
</testsuite>
